[debug] [2018-12-08T14:11:42.551Z] ----------------------------------------------------------------------
[debug] [2018-12-08T14:11:42.556Z] Command:       C:\Program Files\nodejs\node.exe C:\Users\Sagar Mahesh Bagwe\AppData\Roaming\npm\node_modules\firebase-tools\lib\bin\firebase.js deploy
[debug] [2018-12-08T14:11:42.556Z] CLI Version:   6.1.2
[debug] [2018-12-08T14:11:42.556Z] Platform:      win32
[debug] [2018-12-08T14:11:42.556Z] Node Version:  v11.1.0
[debug] [2018-12-08T14:11:42.559Z] Time:          Sat Dec 08 2018 19:41:42 GMT+0530 (India Standard Time)
[debug] [2018-12-08T14:11:42.559Z] ----------------------------------------------------------------------
[debug] 
[debug] [2018-12-08T14:11:42.579Z] > command requires scopes: ["email","openid","https://www.googleapis.com/auth/cloudplatformprojects.readonly","https://www.googleapis.com/auth/firebase","https://www.googleapis.com/auth/cloud-platform"]
[debug] [2018-12-08T14:11:42.580Z] > authorizing via signed-in user
[debug] [2018-12-08T14:11:42.580Z] [iam] checking project sample-22e0b for permissions ["firebase.projects.get","firebasedatabase.instances.update","firebasehosting.sites.update"]
[debug] [2018-12-08T14:11:42.584Z] >>> HTTP REQUEST POST https://cloudresourcemanager.googleapis.com/v1/projects/sample-22e0b:testIamPermissions  

[debug] [2018-12-08T14:11:44.636Z] <<< HTTP RESPONSE 200
[debug] [2018-12-08T14:11:44.642Z] >>> HTTP REQUEST GET https://firebase.googleapis.com/v1beta1/projects/sample-22e0b  
 
[debug] [2018-12-08T14:11:45.277Z] <<< HTTP RESPONSE 200
[info] 
[info] === Deploying to 'sample-22e0b'...
[info] 
[info] i  deploying database, hosting
[info] i  database: checking rules syntax...
[debug] [2018-12-08T14:11:45.292Z] >>> HTTP REQUEST PUT https://sample-22e0b.firebaseio.com/.settings/rules.json?dryRun=true  
 {
  "rules": {
    ".read": "auth != null",
    ".write": "auth != null"
  }
}
[debug] [2018-12-08T14:11:46.789Z] <<< HTTP RESPONSE 200
[info] +  database: rules syntax for database sample-22e0b is valid
[debug] [2018-12-08T14:11:46.797Z] >>> HTTP REQUEST POST https://firebasehosting.googleapis.com/v1beta1/sites/sample-22e0b/versions  

[debug] [2018-12-08T14:11:58.998Z] <<< HTTP RESPONSE 503
[debug] [2018-12-08T14:11:58.998Z] <<< HTTP RESPONSE BODY
[error] 
[error] Error: HTTP Error: 503, The service is currently unavailable.
[debug] [2018-12-08T14:11:59.524Z] Error Context: {
  "body": {
    "error": {
      "code": 503,
      "message": "The service is currently unavailable.",
      "status": "UNAVAILABLE"
    }
  },
  "response": {
    "statusCode": 503,
    "body": {
      "error": {
        "code": 503,
        "message": "The service is currently unavailable.",
        "status": "UNAVAILABLE"
      }
    },
    "headers": {
      "vary": "X-Origin, Referer, Origin,Accept-Encoding",
      "content-type": "application/json; charset=UTF-8",
      "date": "Sat, 08 Dec 2018 14:11:58 GMT",
      "server": "ESF",
      "cache-control": "private",
      "x-xss-protection": "1; mode=block",
      "x-frame-options": "SAMEORIGIN",
      "x-content-type-options": "nosniff",
      "alt-svc": "quic=\":443\"; ma=2592000; v=\"44,43,39,35\"",
      "accept-ranges": "none",
      "connection": "close"
    },
    "request": {
      "uri": {
        "protocol": "https:",
        "slashes": true,
        "auth": null,
        "host": "firebasehosting.googleapis.com",
        "port": 443,
        "hostname": "firebasehosting.googleapis.com",
        "hash": null,
        "search": null,
        "query": null,
        "pathname": "/v1beta1/sites/sample-22e0b/versions",
        "path": "/v1beta1/sites/sample-22e0b/versions",
        "href": "https://firebasehosting.googleapis.com/v1beta1/sites/sample-22e0b/versions"
      },
      "method": "POST"
    }
  }
}
